C:\Program Files (x86)\Microsoft Visual Studio\2019\Enterprise\MSBuild\Current\Bin\Microsoft.Common.CurrentVersion.targets(1967,5): warning : The referenced project '..\..\EliteFramework\EliteFramework.vcxproj' does not exist.
  Camera.cpp
D:\SchoolRelated\CUDA\Custom CUDA Rasterizer\source\Camera.cpp(195,1): fatal error C1010: unexpected end of file while looking for precompiled header. Did you forget to add '#include "PCH.h"' to your source?
  DirectionalLight.cpp
D:\SchoolRelated\CUDA\Custom CUDA Rasterizer\source\DirectionalLight.cpp(22,1): fatal error C1010: unexpected end of file while looking for precompiled header. Did you forget to add '#include "PCH.h"' to your source?
  ERenderer.cpp
D:\SchoolRelated\CUDA\Custom CUDA Rasterizer\source\ERenderer.cpp(477,1): fatal error C1010: unexpected end of file while looking for precompiled header. Did you forget to add '#include "PCH.h"' to your source?
  ETimer.cpp
D:\SchoolRelated\CUDA\Custom CUDA Rasterizer\source\ETimer.cpp(83,1): fatal error C1010: unexpected end of file while looking for precompiled header. Did you forget to add '#include "PCH.h"' to your source?
  EventManager.cpp
D:\SchoolRelated\CUDA\Custom CUDA Rasterizer\source\EventManager.cpp(142,1): fatal error C1010: unexpected end of file while looking for precompiled header. Did you forget to add '#include "PCH.h"' to your source?
  Light.cpp
D:\SchoolRelated\CUDA\Custom CUDA Rasterizer\source\Light.cpp(7,1): fatal error C1010: unexpected end of file while looking for precompiled header. Did you forget to add '#include "PCH.h"' to your source?
  main.cpp
D:\SchoolRelated\CUDA\Custom CUDA Rasterizer\source\main.cpp(240,1): fatal error C1010: unexpected end of file while looking for precompiled header. Did you forget to add '#include "PCH.h"' to your source?
  Mesh.cpp
D:\SchoolRelated\CUDA\Custom CUDA Rasterizer\source\Mesh.cpp(82,1): fatal error C1010: unexpected end of file while looking for precompiled header. Did you forget to add '#include "PCH.h"' to your source?
  ObjParser.cpp
D:\SchoolRelated\CUDA\Custom CUDA Rasterizer\source\ObjParser.cpp(373,1): fatal error C1010: unexpected end of file while looking for precompiled header. Did you forget to add '#include "PCH.h"' to your source?
  PCH.cpp
D:\SchoolRelated\CUDA\Custom CUDA Rasterizer\source\PCH.cpp(1,10): fatal error C1083: Cannot open precompiled header file: 'TempFiles\Debug\CustomCUDARasterizer.pch': No such file or directory
  PointLight.cpp
D:\SchoolRelated\CUDA\Custom CUDA Rasterizer\source\PointLight.cpp(25,1): fatal error C1010: unexpected end of file while looking for precompiled header. Did you forget to add '#include "PCH.h"' to your source?
  SceneGraph.cpp
D:\SchoolRelated\CUDA\Custom CUDA Rasterizer\source\SceneGraph.cpp(47,1): fatal error C1010: unexpected end of file while looking for precompiled header. Did you forget to add '#include "PCH.h"' to your source?
  SceneManager.cpp
D:\SchoolRelated\CUDA\Custom CUDA Rasterizer\source\SceneManager.cpp(82,1): fatal error C1010: unexpected end of file while looking for precompiled header. Did you forget to add '#include "PCH.h"' to your source?
  Texture.cpp
D:\SchoolRelated\CUDA\Custom CUDA Rasterizer\source\Texture.cpp(120,1): fatal error C1010: unexpected end of file while looking for precompiled header. Did you forget to add '#include "PCH.h"' to your source?
  Triangle.cpp
D:\SchoolRelated\CUDA\Custom CUDA Rasterizer\source\Triangle.cpp(74,1): fatal error C1010: unexpected end of file while looking for precompiled header. Did you forget to add '#include "PCH.h"' to your source?
  Generating Code...
