d:\schoolrelated\cuda\customcudarasterizer\tempdebug\customcudarasterizer.pch
d:\schoolrelated\cuda\customcudarasterizer\tempdebug\vc142.pdb
d:\schoolrelated\cuda\customcudarasterizer\tempdebug\vc142.idb
d:\schoolrelated\cuda\customcudarasterizer\tempdebug\pch.obj
d:\schoolrelated\cuda\customcudarasterizer\tempdebug\triangle.obj
d:\schoolrelated\cuda\customcudarasterizer\tempdebug\texture.obj
d:\schoolrelated\cuda\customcudarasterizer\tempdebug\scenemanager.obj
d:\schoolrelated\cuda\customcudarasterizer\tempdebug\scenegraph.obj
d:\schoolrelated\cuda\customcudarasterizer\tempdebug\pointlight.obj
d:\schoolrelated\cuda\customcudarasterizer\tempdebug\objparser.obj
d:\schoolrelated\cuda\customcudarasterizer\tempdebug\mesh.obj
d:\schoolrelated\cuda\customcudarasterizer\tempdebug\light.obj
d:\schoolrelated\cuda\customcudarasterizer\tempdebug\eventmanager.obj
d:\schoolrelated\cuda\customcudarasterizer\tempdebug\etimer.obj
d:\schoolrelated\cuda\customcudarasterizer\tempdebug\erenderer.obj
d:\schoolrelated\cuda\customcudarasterizer\tempdebug\directionallight.obj
d:\schoolrelated\cuda\customcudarasterizer\tempdebug\camera.obj
tempdebug\kernel.cu.obj
d:\schoolrelated\cuda\bin\debug\customcudarasterizer.lib
d:\schoolrelated\cuda\bin\debug\customcudarasterizer.exp
d:\schoolrelated\cuda\customcudarasterizer\tempdebug\customcudarasterizer.ilk
d:\schoolrelated\cuda\bin\debug\customcudarasterizer.exe
d:\schoolrelated\cuda\bin\debug\customcudarasterizer.pdb
d:\schoolrelated\cuda\customcudarasterizer\tempdebug\kernel.cu.cache
d:\schoolrelated\cuda\customcudarasterizer\tempdebug\kernel.cu.obj
d:\schoolrelated\cuda\customcudarasterizer\tempdebug\customcu.7f0a4b1b.tlog\cl.command.1.tlog
d:\schoolrelated\cuda\customcudarasterizer\tempdebug\customcu.7f0a4b1b.tlog\cl.read.1.tlog
d:\schoolrelated\cuda\customcudarasterizer\tempdebug\customcu.7f0a4b1b.tlog\cl.write.1.tlog
d:\schoolrelated\cuda\customcudarasterizer\tempdebug\customcu.7f0a4b1b.tlog\cudacompile.read.1u.tlog
d:\schoolrelated\cuda\customcudarasterizer\tempdebug\customcu.7f0a4b1b.tlog\cudacompile.write.1u.tlog
d:\schoolrelated\cuda\customcudarasterizer\tempdebug\customcu.7f0a4b1b.tlog\customcudarasterizer.write.1u.tlog
d:\schoolrelated\cuda\customcudarasterizer\tempdebug\customcu.7f0a4b1b.tlog\link.command.1.tlog
d:\schoolrelated\cuda\customcudarasterizer\tempdebug\customcu.7f0a4b1b.tlog\link.read.1.tlog
d:\schoolrelated\cuda\customcudarasterizer\tempdebug\customcu.7f0a4b1b.tlog\link.write.1.tlog
